undefined
undefined
{"message":"에러페이지에 접속되었습니다.","level":"info","timestamp":"2020-09-17T04:12:41.600Z"}
{"message":"GET /abc 라우터가 없습니다.","level":"error","timestamp":"2020-09-17T04:12:41.606Z"}
{"message":"에러페이지에 접속되었습니다.","level":"info","timestamp":"2020-09-17T04:12:44.189Z"}
{"message":"GET /abc 라우터가 없습니다.","level":"error","timestamp":"2020-09-17T04:12:44.191Z"}
{"message":"에러페이지에 접속되었습니다.","level":"info","timestamp":"2020-09-17T04:12:44.889Z"}
{"message":"GET /abc 라우터가 없습니다.","level":"error","timestamp":"2020-09-17T04:12:44.890Z"}
{"message":"에러페이지에 접속되었습니다.","level":"info","timestamp":"2020-09-17T04:12:45.106Z"}
{"message":"GET /abc 라우터가 없습니다.","level":"error","timestamp":"2020-09-17T04:12:45.108Z"}
{"message":"에러페이지에 접속되었습니다.","level":"info","timestamp":"2020-09-17T04:12:45.280Z"}
{"message":"GET /abc 라우터가 없습니다.","level":"error","timestamp":"2020-09-17T04:12:45.282Z"}
{"message":"에러페이지에 접속되었습니다.","level":"info","timestamp":"2020-09-17T04:12:45.448Z"}
{"message":"GET /abc 라우터가 없습니다.","level":"error","timestamp":"2020-09-17T04:12:45.450Z"}
{"message":"에러페이지에 접속되었습니다.","level":"info","timestamp":"2020-09-17T04:12:45.646Z"}
{"message":"GET /abc 라우터가 없습니다.","level":"error","timestamp":"2020-09-17T04:12:45.648Z"}
{"message":"에러페이지에 접속되었습니다.","level":"info","timestamp":"2020-09-17T04:12:45.677Z"}
{"message":"GET /abc 라우터가 없습니다.","level":"error","timestamp":"2020-09-17T04:12:45.682Z"}
{"message":"에러페이지에 접속되었습니다.","level":"info","timestamp":"2020-09-17T04:12:45.875Z"}
{"message":"GET /abc 라우터가 없습니다.","level":"error","timestamp":"2020-09-17T04:12:45.877Z"}
{"message":"에러페이지에 접속되었습니다.","level":"info","timestamp":"2020-09-17T04:12:45.966Z"}
{"message":"GET /abc 라우터가 없습니다.","level":"error","timestamp":"2020-09-17T04:12:45.967Z"}
{"message":"에러페이지에 접속되었습니다.","level":"info","timestamp":"2020-09-17T04:12:46.080Z"}
{"message":"GET /abc 라우터가 없습니다.","level":"error","timestamp":"2020-09-17T04:12:46.082Z"}
undefined
undefined
{"message":"에러페이지에 접속되었습니다.","level":"info","timestamp":"2020-09-17T04:18:28.110Z"}
{"message":"GET /%EC%98%81%EC%A7%84%EB%8B%98%EB%B0%94%EB%B3%B4 라우터가 없습니다.","level":"error","timestamp":"2020-09-17T04:18:28.118Z"}
{
  message: '에러페이지에 접속되었습니다.',
  level: 'info',
  timestamp: '2020-09-17T04:22:17.450Z'
}
{
  message: 'GET /youngjinisFool 라우터가 없습니다.',
  level: 'error',
  timestamp: '2020-09-17T04:22:17.456Z'
}
{
  message: '에러페이지에 접속되었습니다.',
  level: 'info',
  timestamp: '2020-09-17T08:46:00.593Z'

}
{
  message: 'GET /favicon.ico 라우터가 없습니다.',
  level: 'error',
  timestamp: '2020-09-17T08:46:00.597Z'
}
{
  message: '에러페이지에 접속되었습니다.',
  level: 'info',
  timestamp: '2020-09-18T07:07:47.332Z'
}
{
  message: 'GET /favicon.ico 라우터가 없습니다.',
  level: 'error',
  timestamp: '2020-09-18T07:07:47.342Z'
}
{
  message: '에러페이지에 접속되었습니다.',
  level: 'info',
  timestamp: '2020-09-18T07:45:22.915Z'
}
{
  message: 'GET /qna/5f64632e7771da14ccf9a301/js/bootstrap.js 라우터가 없습니다.',
  level: 'error',
  timestamp: '2020-09-18T07:45:22.923Z'
}
{
  message: '에러페이지에 접속되었습니다.',
  level: 'info',
  timestamp: '2020-09-18T07:45:22.938Z'
}
{
  message: 'GET /qna/5f64632e7771da14ccf9a301/js/jquery.main.js 라우터가 없습니다.',
  level: 'error',
  timestamp: '2020-09-18T07:45:22.940Z'
}
{
  message: '에러페이지에 접속되었습니다.',
  level: 'info',
  timestamp: '2020-09-18T07:45:22.948Z'
}
{
  message: 'GET /qna/5f64632e7771da14ccf9a301/js/jquery-1.11.2.min.js 라우터가 없습니다.',
  level: 'error',
  timestamp: '2020-09-18T07:45:22.949Z'
}
{
  message: '에러페이지에 접속되었습니다.',
  level: 'info',
  timestamp: '2020-09-18T07:45:23.180Z'
}
{
  message: 'GET /qna/5f64632e7771da14ccf9a301/js/bootstrap.js 라우터가 없습니다.',
  level: 'error',
  timestamp: '2020-09-18T07:45:23.181Z'
}
{
  message: '에러페이지에 접속되었습니다.',
  level: 'info',
  timestamp: '2020-09-18T07:45:23.405Z'
}
{
  message: 'GET /qna/5f64632e7771da14ccf9a301/js/jquery.main.js 라우터가 없습니다.',
  level: 'error',
  timestamp: '2020-09-18T07:45:23.407Z'
}
{
  message: '에러페이지에 접속되었습니다.',
  level: 'info',
  timestamp: '2020-09-18T07:59:07.685Z'
}
{
  message: 'GET /qna/5f6468c53e37172e343e6e94/js/jquery-1.11.2.min.js 라우터가 없습니다.',
  level: 'error',
  timestamp: '2020-09-18T07:59:07.691Z'
}
{
  message: '에러페이지에 접속되었습니다.',
  level: 'info',
  timestamp: '2020-09-18T07:59:07.702Z'
}
{
  message: 'GET /qna/5f6468c53e37172e343e6e94/js/bootstrap.js 라우터가 없습니다.',
  level: 'error',
  timestamp: '2020-09-18T07:59:07.704Z'
}
{
  message: '에러페이지에 접속되었습니다.',
  level: 'info',
  timestamp: '2020-09-18T07:59:07.709Z'
}
{
  message: 'GET /qna/5f6468c53e37172e343e6e94/js/jquery.main.js 라우터가 없습니다.',
  level: 'error',
  timestamp: '2020-09-18T07:59:07.711Z'
}
